<?xml version="1.0" encoding="utf-8"?><testsuites name="pytest tests"><testsuite name="pytest" errors="0" failures="0" skipped="0" tests="21" time="29.924" timestamp="2026-08-29T08:20:23.138500+00:00" hostname="agent-env-ca7b4796-af03-4800-8918-ebd736ae3042"><testcase classname="tests.backend_test.TestKnowledge" name="test_list_knowledge" time="0.196" /><testcase classname="tests.backend_test.TestChatRag" name="test_grounded_pmkisan" time="10.420" /><testcase classname="tests.backend_test.TestKnowledge" name="test_knowledge_domain_filter" time="1.078" /><testcase classname="tests.backend_test.TestKnowledge" name="test_domains" time="0.047" /><testcase classname="tests.backend_test.TestKnowledge" name="test_semantic_search_ranked" time="0.320" /><testcase classname="tests.backend_test.TestHealthSystem" name="test_health" time="0.044" /><testcase classname="tests.backend_test.TestHealthSystem" name="test_system_status" time="0.046" /><testcase classname="tests.backend_test.TestHealthSystem" name="test_hardware_capabilities" time="0.045" /><testcase classname="tests.backend_test.TestConversations" name="test_conversation_persisted_with_citations" time="19.392" /><testcase classname="tests.backend_test.TestChatRag" name="test_offtopic_not_grounded" time="7.050" /><testcase classname="tests.backend_test.TestChatRag" name="test_empty_message_validation" time="0.141" /><testcase classname="tests.backend_test.TestChatRag" name="test_hindi_question_returns_devanagari" time="8.918" /><testcase classname="tests.backend_test.TestConversations" name="test_get_unknown_conversation_404" time="0.041" /><testcase classname="tests.backend_test.TestConversations" name="test_search_conversations" time="0.046" /><testcase classname="tests.backend_test.TestDocuments" name="test_upload_and_list" time="0.419" /><testcase classname="tests.backend_test.TestDocuments" name="test_ask_document" time="7.413" /><testcase classname="tests.backend_test.TestVoice" name="test_tts" time="1.081" /><testcase classname="tests.backend_test.TestVoice" name="test_tts_empty_text" time="0.042" /><testcase classname="tests.backend_test.TestVoice" name="test_transcribe_empty_audio" time="0.139" /><testcase classname="tests.backend_test.TestDocuments" name="test_ask_unknown_document_404" time="0.046" /><testcase classname="tests.backend_test.TestBookmarks" name="test_bookmark_crud" time="0.183" /></testsuite></testsuites>